Arguments: 
  /home/gnwzkd/.nvm/versions/node/v10.15.3/bin/node /home/gnwzkd/.nvm/versions/node/v10.15.3/bin/yarn add html-webpack-plugin webpack webpack-cli webpack-dev-server babel-core babel-plugin-transform-runtime babel-preset-env bebel-preset-stage-0 babel-preset-react babel-loader@7 style-loader css-loader less less-loader sass sass-loader url-loader -D

PATH: 
  /home/gnwzkd/.nvm/versions/node/v10.15.3/bin:/usr/local/sbin:/usr/local/bin:/usr/sbin:/usr/bin:/sbin:/bin:/usr/games:/usr/local/games:/snap/bin

Yarn version: 
  1.15.2

Node version: 
  10.15.3

Platform: 
  linux x64

Trace: 
  Error: https://registry.yarnpkg.com/bebel-preset-stage-0: Not found
      at Request.params.callback [as _callback] (/home/gnwzkd/.nvm/versions/node/v10.15.3/lib/node_modules/yarn/lib/cli.js:66058:18)
      at Request.self.callback (/home/gnwzkd/.nvm/versions/node/v10.15.3/lib/node_modules/yarn/lib/cli.js:129541:22)
      at Request.emit (events.js:189:13)
      at Request.<anonymous> (/home/gnwzkd/.nvm/versions/node/v10.15.3/lib/node_modules/yarn/lib/cli.js:130513:10)
      at Request.emit (events.js:189:13)
      at IncomingMessage.<anonymous> (/home/gnwzkd/.nvm/versions/node/v10.15.3/lib/node_modules/yarn/lib/cli.js:130435:12)
      at Object.onceWrapper (events.js:277:13)
      at IncomingMessage.emit (events.js:194:15)
      at endReadableNT (_stream_readable.js:1125:12)
      at process._tickCallback (internal/process/next_tick.js:63:19)

npm manifest: 
  {
    "name": "webpack-config-demo",
    "version": "1.0.0",
    "main": "index.js",
    "license": "MIT"
  }

yarn manifest: 
  No manifest

Lockfile: 
  No lockfile
